<?xml version="1.0" encoding="UTF-8"?>
<!-- Generated by org.testng.reporters.JUnitXMLReporter -->
<testsuite hostname="DESKTOP-PKL7RMJ" name="tvt" tests="1" failures="1" timestamp="12 May 2018 11:13:44 GMT" time="4.779" errors="0">
  <testcase name="runCukes" time="4.751" classname="esdc.com.tvtTestRunner">
    <failure type="cucumber.runtime.CucumberException" message="java.lang.NullPointerException">
      <![CDATA[cucumber.runtime.CucumberException: java.lang.NullPointerException
	at cucumber.api.testng.TestNGCucumberRunner.runCukes(TestNGCucumberRunner.java:57)
	at esdc.com.tvtTestRunner.runCukes(tvtTestRunner.java:13)
Caused by: java.lang.NullPointerException
	at esdc.com.stepDefs.thomasBayerBankSteps.Make_the_request_to_thomasBayer_Bank_Service(thomasBayerBankSteps.java:50)
	at ✽.Given Make the request to thomasBayer Bank Service(thomasBank/thomasBayerBank.feature:4)
... Removed 28 stack frames]]>
    </failure>
  </testcase> <!-- runCukes -->
</testsuite> <!-- tvt -->
