<?xml version="1.0" encoding="UTF-8"?>
<testsuite xmlns:xsi="http://www.w3.org/2001/XMLSchema-instance" xsi:noNamespaceSchemaLocation="https://maven.apache.org/surefire/maven-surefire-plugin/xsd/surefire-test-report.xsd" name="TestSuite" time="5.931" tests="1" errors="0" skipped="0" failures="1">
  <properties>
[...]
</properties>
  <testcase name="runCukes" classname="esdc.com.tvtTestRunner" time="5.207">
    <failure message="java.lang.NullPointerException" type="cucumber.runtime.CucumberException">cucumber.runtime.CucumberException: java.lang.NullPointerException
	at esdc.com.tvtTestRunner.runCukes(tvtTestRunner.java:13)
Caused by: java.lang.NullPointerException
</failure>
    <system-out><![CDATA[/C:/workspace/personal/code/Automation/soap-automation-testing/target/test-classes/

&amp#27;[31mFailed scenarios:&amp#27;[0m
&amp#27;[31mthomasBank/thomasBayerBank.feature:3 &amp#27;[0m# Scenario: Get the Bank detail based on blz number

3 Scenarios (&amp#27;[31m1 failed&amp#27;[0m, &amp#27;[32m2 passed&amp#27;[0m)
9 Steps (&amp#27;[31m1 failed&amp#27;[0m, &amp#27;[36m2 skipped&amp#27;[0m, &amp#27;[32m6 passed&amp#27;[0m)
0m4.074s

java.lang.NullPointerException
	at esdc.com.stepDefs.thomasBayerBankSteps.Make_the_request_to_thomasBayer_Bank_Service(thomasBayerBankSteps.java:50)
	at ?.Given Make the request to thomasBayer Bank Service(thomasBank/thomasBayerBank.feature:4)

]]></system-out>
  </testcase>
</testsuite>