-------------------------------------------------------------------------------
Test set: TestSuite
-------------------------------------------------------------------------------
Tests run: 1, Failures: 1, Errors: 0, Skipped: 0, Time elapsed: 5.931 s <<< FAILURE! - in TestSuite
runCukes(esdc.com.tvtTestRunner)  Time elapsed: 5.207 s  <<< FAILURE!
cucumber.runtime.CucumberException: java.lang.NullPointerException
	at esdc.com.tvtTestRunner.runCukes(tvtTestRunner.java:13)
Caused by: java.lang.NullPointerException

